Determining if the pthread_create exist failed with the following output:
Change Dir: /home/dyros/Desktop/panda_control_real_lhk_hw6/build/CMakeFiles/CMakeTmp

Run Build Command:"/usr/bin/make" "cmTC_697a6/fast"
/usr/bin/make -f CMakeFiles/cmTC_697a6.dir/build.make CMakeFiles/cmTC_697a6.dir/build
make[1]: Entering directory '/home/dyros/Desktop/panda_control_real_lhk_hw6/build/CMakeFiles/CMakeTmp'
Building CXX object CMakeFiles/cmTC_697a6.dir/CheckSymbolExists.cxx.o
/usr/bin/c++     -o CMakeFiles/cmTC_697a6.dir/CheckSymbolExists.cxx.o -c /home/dyros/Desktop/panda_control_real_lhk_hw6/build/CMakeFiles/CMakeTmp/CheckSymbolExists.cxx
Linking CXX executable cmTC_697a6
/usr/bin/cmake -E cmake_link_script CMakeFiles/cmTC_697a6.dir/link.txt --verbose=1
/usr/bin/c++       -rdynamic CMakeFiles/cmTC_697a6.dir/CheckSymbolExists.cxx.o  -o cmTC_697a6 
CMakeFiles/cmTC_697a6.dir/CheckSymbolExists.cxx.o: In function `main':
CheckSymbolExists.cxx:(.text+0x1b): undefined reference to `pthread_create'
collect2: error: ld returned 1 exit status
CMakeFiles/cmTC_697a6.dir/build.make:97: recipe for target 'cmTC_697a6' failed
make[1]: *** [cmTC_697a6] Error 1
make[1]: Leaving directory '/home/dyros/Desktop/panda_control_real_lhk_hw6/build/CMakeFiles/CMakeTmp'
Makefile:126: recipe for target 'cmTC_697a6/fast' failed
make: *** [cmTC_697a6/fast] Error 2

File /home/dyros/Desktop/panda_control_real_lhk_hw6/build/CMakeFiles/CMakeTmp/CheckSymbolExists.cxx:
/* */
#include <pthread.h>

int main(int argc, char** argv)
{
  (void)argv;
#ifndef pthread_create
  return ((int*)(&pthread_create))[argc];
#else
  (void)argc;
  return 0;
#endif
}

